#
# There is insufficient memory for the Java Runtime Environment to continue.
# Native memory allocation (malloc) failed to allocate 32744 bytes for ChunkPool::allocate
# Possible reasons:
#   The system is out of physical RAM or swap space
#   The process is running with CompressedOops enabled, and the Java Heap may be blocking the growth of the native heap
# Possible solutions:
#   Reduce memory load on the system
#   Increase physical memory or swap space
#   Check if swap backing store is full
#   Decrease Java heap size (-Xmx/-Xms)
#   Decrease number of Java threads
#   Decrease Java thread stack sizes (-Xss)
#   Set larger code cache with -XX:ReservedCodeCacheSize=
#   JVM is running with Unscaled Compressed Oops mode in which the Java heap is
#     placed in the first 4GB address space. The Java Heap base address is the
#     maximum limit for the native heap growth. Please use -XX:HeapBaseMinAddress
#     to set the Java Heap base and to place the Java Heap above 4GB virtual address.
# This output file may be truncated or incomplete.
#
#  Out of Memory Error (./open/src/hotspot/share/memory/arena.cpp:79), pid=15352, tid=11512
#
# JRE version: Java(TM) SE Runtime Environment (15.0.2+7) (build 15.0.2+7-27)
# Java VM: Java HotSpot(TM) 64-Bit Server VM (15.0.2+7-27, mixed mode, sharing, tiered, compressed oops, g1 gc, windows-amd64)
# No core dump will be written. Minidumps are not enabled by default on client versions of Windows
#

---------------  S U M M A R Y ------------

Command Line: -XX:TieredStopAtLevel=1 -Xverify:none -Dspring.output.ansi.enabled=always -javaagent:E:\IntelliJ IDEA 2021.1\lib\idea_rt.jar=53821:E:\IntelliJ IDEA 2021.1\bin -Dcom.sun.management.jmxremote -Dspring.jmx.enabled=true -Dspring.liveBeansView.mbeanDomain -Dspring.application.admin.enabled=true -Dfile.encoding=UTF-8 com.example.productservice.ProductServiceApplication

Host: Intel(R) Core(TM) i7-8565U CPU @ 1.80GHz, 8 cores, 7G,  Windows 10 , 64 bit Build 19041 (10.0.19041.1566)
Time: Sun Mar 13 15:54:25 2022 SE Asia Standard Time elapsed time: 16.177361 seconds (0d 0h 0m 16s)

---------------  T H R E A D  ---------------

Current thread (0x000001493c903d80):  JavaThread "C1 CompilerThread0" daemon [_thread_in_native, id=11512, stack(0x0000002265f00000,0x0000002266000000)]


Current CompileTask:
C1:  16177 2687   !   1       org.springframework.beans.factory.support.AbstractBeanFactory::doGetBean (832 bytes)

Stack: [0x0000002265f00000,0x0000002266000000]
Native frames: (J=compiled Java code, j=interpreted, Vv=VM code, C=native code)
V  [jvm.dll+0x62ae9a]
V  [jvm.dll+0x7817a9]
V  [jvm.dll+0x782f03]
V  [jvm.dll+0x783563]
V  [jvm.dll+0x216325]
V  [jvm.dll+0x982cf]
V  [jvm.dll+0x9861c]
V  [jvm.dll+0x10f3a3]
V  [jvm.dll+0x12be2b]
V  [jvm.dll+0x10e1b1]
V  [jvm.dll+0x12ced2]
V  [jvm.dll+0x10fe69]
V  [jvm.dll+0x10f96a]
V  [jvm.dll+0x10fb54]
V  [jvm.dll+0x10ee92]
V  [jvm.dll+0x110d2c]
V  [jvm.dll+0x1f9225]
V  [jvm.dll+0x1f72cc]
V  [jvm.dll+0x74495d]
V  [jvm.dll+0x73d75a]
V  [jvm.dll+0x629c56]
C  [ucrtbase.dll+0x21bb2]
C  [KERNEL32.DLL+0x17034]
C  [ntdll.dll+0x52651]


---------------  P R O C E S S  ---------------

Threads class SMR info:
_java_thread_list=0x000001493e85ede0, length=14, elements={
0x000001491bebd730, 0x000001493c8e2ea0, 0x000001493c8e3980, 0x000001493c8ff220,
0x000001493c8ffae0, 0x000001493c9033c0, 0x000001493c903d80, 0x000001493c906e30,
0x000001493c8c7c40, 0x000001493d9d0e70, 0x000001493d9d1340, 0x000001493da8c070,
0x000001493da88970, 0x000001493e367880
}

Java Threads: ( => current thread )
  0x000001491bebd730 JavaThread "main" [_thread_blocked, id=11376, stack(0x0000002265300000,0x0000002265400000)]
  0x000001493c8e2ea0 JavaThread "Reference Handler" daemon [_thread_blocked, id=10432, stack(0x0000002265a00000,0x0000002265b00000)]
  0x000001493c8e3980 JavaThread "Finalizer" daemon [_thread_blocked, id=10604, stack(0x0000002265b00000,0x0000002265c00000)]
  0x000001493c8ff220 JavaThread "Signal Dispatcher" daemon [_thread_blocked, id=2852, stack(0x0000002265c00000,0x0000002265d00000)]
  0x000001493c8ffae0 JavaThread "Attach Listener" daemon [_thread_blocked, id=13144, stack(0x0000002265d00000,0x0000002265e00000)]
  0x000001493c9033c0 JavaThread "Service Thread" daemon [_thread_blocked, id=12920, stack(0x0000002265e00000,0x0000002265f00000)]
=>0x000001493c903d80 JavaThread "C1 CompilerThread0" daemon [_thread_in_native, id=11512, stack(0x0000002265f00000,0x0000002266000000)]
  0x000001493c906e30 JavaThread "Sweeper thread" daemon [_thread_blocked, id=11352, stack(0x0000002266000000,0x0000002266100000)]
  0x000001493c8c7c40 JavaThread "Common-Cleaner" daemon [_thread_blocked, id=17688, stack(0x0000002266100000,0x0000002266200000)]
  0x000001493d9d0e70 JavaThread "Monitor Ctrl-Break" daemon [_thread_in_native, id=16044, stack(0x0000002266200000,0x0000002266300000)]
  0x000001493d9d1340 JavaThread "Notification Thread" daemon [_thread_blocked, id=6460, stack(0x0000002266300000,0x0000002266400000)]
  0x000001493da8c070 JavaThread "RMI TCP Accept-0" daemon [_thread_in_native, id=9172, stack(0x0000002266400000,0x0000002266500000)]
  0x000001493da88970 JavaThread "Thread-0" [_thread_blocked, id=4720, stack(0x0000002266800000,0x0000002266900000)]
  0x000001493e367880 JavaThread "restartedMain" [_thread_in_Java, id=9284, stack(0x0000002266900000,0x0000002266a00000)]

Other Threads:
  0x000001493c8dfb60 VMThread "VM Thread" [stack: 0x0000002265900000,0x0000002265a00000] [id=13704]
  0x000001491bebe860 WatcherThread [stack: 0x0000002266500000,0x0000002266600000] [id=3624]
  0x000001491bef9100 GCTaskThread "GC Thread#0" [stack: 0x0000002265400000,0x0000002265500000] [id=19160]
  0x000001493dda1c90 GCTaskThread "GC Thread#1" [stack: 0x0000002266600000,0x0000002266700000] [id=9488]
  0x000001493dda2950 GCTaskThread "GC Thread#2" [stack: 0x0000002266700000,0x0000002266800000] [id=17100]
  0x000001493dda1fc0 GCTaskThread "GC Thread#3" [stack: 0x0000002266a00000,0x0000002266b00000] [id=14144]
  0x000001493dda0310 GCTaskThread "GC Thread#4" [stack: 0x0000002266b00000,0x0000002266c00000] [id=17944]
  0x000001493dda3940 GCTaskThread "GC Thread#5" [stack: 0x0000002266c00000,0x0000002266d00000] [id=6416]
  0x000001493dda0ca0 GCTaskThread "GC Thread#6" [stack: 0x0000002266e00000,0x0000002266f00000] [id=3504]
  0x000001493dda2fb0 GCTaskThread "GC Thread#7" [stack: 0x0000002266f00000,0x0000002267000000] [id=11604]
  0x000001491bf0ad70 ConcurrentGCThread "G1 Main Marker" [stack: 0x0000002265500000,0x0000002265600000] [id=19444]
  0x000001491bf0b870 ConcurrentGCThread "G1 Conc#0" [stack: 0x0000002265600000,0x0000002265700000] [id=10844]
  0x000001493c7520a0 ConcurrentGCThread "G1 Refine#0" [stack: 0x0000002265700000,0x0000002265800000] [id=16844]
  0x000001493c752950 ConcurrentGCThread "G1 Young RemSet Sampling" [stack: 0x0000002265800000,0x0000002265900000] [id=8144]

Threads with active compile tasks:
C1 CompilerThread0    16242 2687   !   1       org.springframework.beans.factory.support.AbstractBeanFactory::doGetBean (832 bytes)

VM state: not at safepoint (normal execution)

VM Mutex/Monitor currently owned by a thread: None

Heap address: 0x0000000082000000, size: 2016 MB, Compressed Oops mode: 32-bit
CDS archive(s) mapped at: [0x0000000800000000-0x0000000800b50000-0x0000000800b50000), size 11862016, SharedBaseAddress: 0x0000000800000000, ArchiveRelocationMode: 0.
Compressed class space mapped at: 0x0000000800b50000-0x0000000840b50000, size: 1073741824
Narrow klass base: 0x0000000800000000, Narrow klass shift: 3, Narrow klass range: 0x100000000

GC Precious Log:
 CPUs: 8 total, 8 available
 Memory: 8062M
 Large Page Support: Disabled
 NUMA Support: Disabled
 Compressed Oops: Enabled (32-bit)
 Heap Region Size: 1M
 Heap Min Capacity: 8M
 Heap Initial Capacity: 126M
 Heap Max Capacity: 2016M
 Pre-touch: Disabled
 Parallel Workers: 8
 Concurrent Workers: 2
 Concurrent Refinement Workers: 8
 Periodic GC: Disabled

Heap:
 garbage-first heap   total 129024K, used 43503K [0x0000000082000000, 0x0000000100000000)
  region size 1024K, 35 young (35840K), 4 survivors (4096K)
 Metaspace       used 18395K, capacity 18810K, committed 18944K, reserved 1064960K
  class space    used 2339K, capacity 2435K, committed 2560K, reserved 1048576K

Heap Regions: E=young(eden), S=young(survivor), O=old, HS=humongous(starts), HC=humongous(continues), CS=collection set, F=free, OA=open archive, CA=closed archive, TAMS=top-at-mark-start (previous, next)
|   0|0x0000000082000000, 0x0000000082100000, 0x0000000082100000|100%|HS|  |TAMS 0x0000000082000000, 0x0000000082000000| Complete 
|   1|0x0000000082100000, 0x0000000082200000, 0x0000000082200000|100%| O|  |TAMS 0x0000000082100000, 0x0000000082100000| Untracked 
|   2|0x0000000082200000, 0x0000000082300000, 0x0000000082300000|100%| O|  |TAMS 0x0000000082200000, 0x0000000082200000| Untracked 
|   3|0x0000000082300000, 0x0000000082400000, 0x0000000082400000|100%| O|  |TAMS 0x0000000082300000, 0x0000000082300000| Untracked 
|   4|0x0000000082400000, 0x0000000082500000, 0x0000000082500000|100%| O|  |TAMS 0x0000000082400000, 0x0000000082400000| Untracked 
|   5|0x0000000082500000, 0x0000000082600000, 0x0000000082600000|100%| O|  |TAMS 0x0000000082500000, 0x0000000082500000| Untracked 
|   6|0x0000000082600000, 0x0000000082700000, 0x0000000082700000|100%| O|  |TAMS 0x0000000082600000, 0x0000000082600000| Untracked 
|   7|0x0000000082700000, 0x0000000082800000, 0x0000000082800000|100%| O|  |TAMS 0x0000000082700000, 0x0000000082700000| Untracked 
|   8|0x0000000082800000, 0x0000000082900000, 0x0000000082900000|100%| O|  |TAMS 0x0000000082800000, 0x0000000082800000| Untracked 
|   9|0x0000000082900000, 0x00000000829e8600, 0x0000000082a00000| 90%| O|  |TAMS 0x0000000082900000, 0x0000000082900000| Untracked 
|  10|0x0000000082a00000, 0x0000000082a00000, 0x0000000082b00000|  0%| F|  |TAMS 0x0000000082a00000, 0x0000000082a00000| Untracked 
|  11|0x0000000082b00000, 0x0000000082b00000, 0x0000000082c00000|  0%| F|  |TAMS 0x0000000082b00000, 0x0000000082b00000| Untracked 
|  12|0x0000000082c00000, 0x0000000082c00000, 0x0000000082d00000|  0%| F|  |TAMS 0x0000000082c00000, 0x0000000082c00000| Untracked 
|  13|0x0000000082d00000, 0x0000000082d00000, 0x0000000082e00000|  0%| F|  |TAMS 0x0000000082d00000, 0x0000000082d00000| Untracked 
|  14|0x0000000082e00000, 0x0000000082e00000, 0x0000000082f00000|  0%| F|  |TAMS 0x0000000082e00000, 0x0000000082e00000| Untracked 
|  15|0x0000000082f00000, 0x0000000082f00000, 0x0000000083000000|  0%| F|  |TAMS 0x0000000082f00000, 0x0000000082f00000| Untracked 
|  16|0x0000000083000000, 0x0000000083000000, 0x0000000083100000|  0%| F|  |TAMS 0x0000000083000000, 0x0000000083000000| Untracked 
|  17|0x0000000083100000, 0x0000000083100000, 0x0000000083200000|  0%| F|  |TAMS 0x0000000083100000, 0x0000000083100000| Untracked 
|  18|0x0000000083200000, 0x0000000083200000, 0x0000000083300000|  0%| F|  |TAMS 0x0000000083200000, 0x0000000083200000| Untracked 
|  19|0x0000000083300000, 0x0000000083300000, 0x0000000083400000|  0%| F|  |TAMS 0x0000000083300000, 0x0000000083300000| Untracked 
|  20|0x0000000083400000, 0x0000000083400000, 0x0000000083500000|  0%| F|  |TAMS 0x0000000083400000, 0x0000000083400000| Untracked 
|  21|0x0000000083500000, 0x0000000083500000, 0x0000000083600000|  0%| F|  |TAMS 0x0000000083500000, 0x0000000083500000| Untracked 
|  22|0x0000000083600000, 0x0000000083600000, 0x0000000083700000|  0%| F|  |TAMS 0x0000000083600000, 0x0000000083600000| Untracked 
|  23|0x0000000083700000, 0x0000000083700000, 0x0000000083800000|  0%| F|  |TAMS 0x0000000083700000, 0x0000000083700000| Untracked 
|  24|0x0000000083800000, 0x0000000083800000, 0x0000000083900000|  0%| F|  |TAMS 0x0000000083800000, 0x0000000083800000| Untracked 
|  25|0x0000000083900000, 0x0000000083900000, 0x0000000083a00000|  0%| F|  |TAMS 0x0000000083900000, 0x0000000083900000| Untracked 
|  26|0x0000000083a00000, 0x0000000083a00000, 0x0000000083b00000|  0%| F|  |TAMS 0x0000000083a00000, 0x0000000083a00000| Untracked 
|  27|0x0000000083b00000, 0x0000000083b00000, 0x0000000083c00000|  0%| F|  |TAMS 0x0000000083b00000, 0x0000000083b00000| Untracked 
|  28|0x0000000083c00000, 0x0000000083c00000, 0x0000000083d00000|  0%| F|  |TAMS 0x0000000083c00000, 0x0000000083c00000| Untracked 
|  29|0x0000000083d00000, 0x0000000083d00000, 0x0000000083e00000|  0%| F|  |TAMS 0x0000000083d00000, 0x0000000083d00000| Untracked 
|  30|0x0000000083e00000, 0x0000000083e00000, 0x0000000083f00000|  0%| F|  |TAMS 0x0000000083e00000, 0x0000000083e00000| Untracked 
|  31|0x0000000083f00000, 0x0000000083f00000, 0x0000000084000000|  0%| F|  |TAMS 0x0000000083f00000, 0x0000000083f00000| Untracked 
|  32|0x0000000084000000, 0x0000000084000000, 0x0000000084100000|  0%| F|  |TAMS 0x0000000084000000, 0x0000000084000000| Untracked 
|  33|0x0000000084100000, 0x0000000084100000, 0x0000000084200000|  0%| F|  |TAMS 0x0000000084100000, 0x0000000084100000| Untracked 
|  34|0x0000000084200000, 0x0000000084200000, 0x0000000084300000|  0%| F|  |TAMS 0x0000000084200000, 0x0000000084200000| Untracked 
|  35|0x0000000084300000, 0x0000000084300000, 0x0000000084400000|  0%| F|  |TAMS 0x0000000084300000, 0x0000000084300000| Untracked 
|  36|0x0000000084400000, 0x0000000084400000, 0x0000000084500000|  0%| F|  |TAMS 0x0000000084400000, 0x0000000084400000| Untracked 
|  37|0x0000000084500000, 0x0000000084500000, 0x0000000084600000|  0%| F|  |TAMS 0x0000000084500000, 0x0000000084500000| Untracked 
|  38|0x0000000084600000, 0x0000000084600000, 0x0000000084700000|  0%| F|  |TAMS 0x0000000084600000, 0x0000000084600000| Untracked 
|  39|0x0000000084700000, 0x0000000084700000, 0x0000000084800000|  0%| F|  |TAMS 0x0000000084700000, 0x0000000084700000| Untracked 
|  40|0x0000000084800000, 0x0000000084800000, 0x0000000084900000|  0%| F|  |TAMS 0x0000000084800000, 0x0000000084800000| Untracked 
|  41|0x0000000084900000, 0x0000000084900000, 0x0000000084a00000|  0%| F|  |TAMS 0x0000000084900000, 0x0000000084900000| Untracked 
|  42|0x0000000084a00000, 0x0000000084a00000, 0x0000000084b00000|  0%| F|  |TAMS 0x0000000084a00000, 0x0000000084a00000| Untracked 
|  43|0x0000000084b00000, 0x0000000084b00000, 0x0000000084c00000|  0%| F|  |TAMS 0x0000000084b00000, 0x0000000084b00000| Untracked 
|  44|0x0000000084c00000, 0x0000000084c00000, 0x0000000084d00000|  0%| F|  |TAMS 0x0000000084c00000, 0x0000000084c00000| Untracked 
|  45|0x0000000084d00000, 0x0000000084d00000, 0x0000000084e00000|  0%| F|  |TAMS 0x0000000084d00000, 0x0000000084d00000| Untracked 
|  46|0x0000000084e00000, 0x0000000084e00000, 0x0000000084f00000|  0%| F|  |TAMS 0x0000000084e00000, 0x0000000084e00000| Untracked 
|  47|0x0000000084f00000, 0x0000000084f93770, 0x0000000085000000| 57%| S|CS|TAMS 0x0000000084f00000, 0x0000000084f00000| Complete 
|  48|0x0000000085000000, 0x0000000085100000, 0x0000000085100000|100%| S|CS|TAMS 0x0000000085000000, 0x0000000085000000| Complete 
|  49|0x0000000085100000, 0x0000000085200000, 0x0000000085200000|100%| S|CS|TAMS 0x0000000085100000, 0x0000000085100000| Complete 
|  50|0x0000000085200000, 0x0000000085300000, 0x0000000085300000|100%| S|CS|TAMS 0x0000000085200000, 0x0000000085200000| Complete 
|  51|0x0000000085300000, 0x0000000085300000, 0x0000000085400000|  0%| F|  |TAMS 0x0000000085300000, 0x0000000085300000| Untracked 
|  52|0x0000000085400000, 0x0000000085400000, 0x0000000085500000|  0%| F|  |TAMS 0x0000000085400000, 0x0000000085400000| Untracked 
|  53|0x0000000085500000, 0x0000000085500000, 0x0000000085600000|  0%| F|  |TAMS 0x0000000085500000, 0x0000000085500000| Untracked 
|  54|0x0000000085600000, 0x0000000085600000, 0x0000000085700000|  0%| F|  |TAMS 0x0000000085600000, 0x0000000085600000| Untracked 
|  55|0x0000000085700000, 0x0000000085700000, 0x0000000085800000|  0%| F|  |TAMS 0x0000000085700000, 0x0000000085700000| Untracked 
|  56|0x0000000085800000, 0x0000000085800000, 0x0000000085900000|  0%| F|  |TAMS 0x0000000085800000, 0x0000000085800000| Untracked 
|  57|0x0000000085900000, 0x0000000085900000, 0x0000000085a00000|  0%| F|  |TAMS 0x0000000085900000, 0x0000000085900000| Untracked 
|  58|0x0000000085a00000, 0x0000000085a00000, 0x0000000085b00000|  0%| F|  |TAMS 0x0000000085a00000, 0x0000000085a00000| Untracked 
|  59|0x0000000085b00000, 0x0000000085b00000, 0x0000000085c00000|  0%| F|  |TAMS 0x0000000085b00000, 0x0000000085b00000| Untracked 
|  60|0x0000000085c00000, 0x0000000085c00000, 0x0000000085d00000|  0%| F|  |TAMS 0x0000000085c00000, 0x0000000085c00000| Untracked 
|  61|0x0000000085d00000, 0x0000000085d00000, 0x0000000085e00000|  0%| F|  |TAMS 0x0000000085d00000, 0x0000000085d00000| Untracked 
|  62|0x0000000085e00000, 0x0000000085e00000, 0x0000000085f00000|  0%| F|  |TAMS 0x0000000085e00000, 0x0000000085e00000| Untracked 
|  63|0x0000000085f00000, 0x0000000085f00000, 0x0000000086000000|  0%| F|  |TAMS 0x0000000085f00000, 0x0000000085f00000| Untracked 
|  64|0x0000000086000000, 0x0000000086000000, 0x0000000086100000|  0%| F|  |TAMS 0x0000000086000000, 0x0000000086000000| Untracked 
|  65|0x0000000086100000, 0x0000000086100000, 0x0000000086200000|  0%| F|  |TAMS 0x0000000086100000, 0x0000000086100000| Untracked 
|  66|0x0000000086200000, 0x0000000086200000, 0x0000000086300000|  0%| F|  |TAMS 0x0000000086200000, 0x0000000086200000| Untracked 
|  67|0x0000000086300000, 0x0000000086300000, 0x0000000086400000|  0%| F|  |TAMS 0x0000000086300000, 0x0000000086300000| Untracked 
|  68|0x0000000086400000, 0x0000000086400000, 0x0000000086500000|  0%| F|  |TAMS 0x0000000086400000, 0x0000000086400000| Untracked 
|  69|0x0000000086500000, 0x0000000086500000, 0x0000000086600000|  0%| F|  |TAMS 0x0000000086500000, 0x0000000086500000| Untracked 
|  70|0x0000000086600000, 0x0000000086600000, 0x0000000086700000|  0%| F|  |TAMS 0x0000000086600000, 0x0000000086600000| Untracked 
|  71|0x0000000086700000, 0x0000000086700000, 0x0000000086800000|  0%| F|  |TAMS 0x0000000086700000, 0x0000000086700000| Untracked 
|  72|0x0000000086800000, 0x0000000086800000, 0x0000000086900000|  0%| F|  |TAMS 0x0000000086800000, 0x0000000086800000| Untracked 
|  73|0x0000000086900000, 0x0000000086900000, 0x0000000086a00000|  0%| F|  |TAMS 0x0000000086900000, 0x0000000086900000| Untracked 
|  74|0x0000000086a00000, 0x0000000086a00000, 0x0000000086b00000|  0%| F|  |TAMS 0x0000000086a00000, 0x0000000086a00000| Untracked 
|  75|0x0000000086b00000, 0x0000000086b00000, 0x0000000086c00000|  0%| F|  |TAMS 0x0000000086b00000, 0x0000000086b00000| Untracked 
|  76|0x0000000086c00000, 0x0000000086c00000, 0x0000000086d00000|  0%| F|  |TAMS 0x0000000086c00000, 0x0000000086c00000| Untracked 
|  77|0x0000000086d00000, 0x0000000086d00000, 0x0000000086e00000|  0%| F|  |TAMS 0x0000000086d00000, 0x0000000086d00000| Untracked 
|  78|0x0000000086e00000, 0x0000000086e00000, 0x0000000086f00000|  0%| F|  |TAMS 0x0000000086e00000, 0x0000000086e00000| Untracked 
|  79|0x0000000086f00000, 0x0000000086f00000, 0x0000000087000000|  0%| F|  |TAMS 0x0000000086f00000, 0x0000000086f00000| Untracked 
|  80|0x0000000087000000, 0x0000000087000000, 0x0000000087100000|  0%| F|  |TAMS 0x0000000087000000, 0x0000000087000000| Untracked 
|  81|0x0000000087100000, 0x0000000087100000, 0x0000000087200000|  0%| F|  |TAMS 0x0000000087100000, 0x0000000087100000| Untracked 
|  82|0x0000000087200000, 0x0000000087200000, 0x0000000087300000|  0%| F|  |TAMS 0x0000000087200000, 0x0000000087200000| Untracked 
|  83|0x0000000087300000, 0x0000000087300000, 0x0000000087400000|  0%| F|  |TAMS 0x0000000087300000, 0x0000000087300000| Untracked 
|  84|0x0000000087400000, 0x0000000087400000, 0x0000000087500000|  0%| F|  |TAMS 0x0000000087400000, 0x0000000087400000| Untracked 
|  85|0x0000000087500000, 0x0000000087500000, 0x0000000087600000|  0%| F|  |TAMS 0x0000000087500000, 0x0000000087500000| Untracked 
|  86|0x0000000087600000, 0x0000000087600000, 0x0000000087700000|  0%| F|  |TAMS 0x0000000087600000, 0x0000000087600000| Untracked 
|  87|0x0000000087700000, 0x0000000087700000, 0x0000000087800000|  0%| F|  |TAMS 0x0000000087700000, 0x0000000087700000| Untracked 
|  88|0x0000000087800000, 0x0000000087800000, 0x0000000087900000|  0%| F|  |TAMS 0x0000000087800000, 0x0000000087800000| Untracked 
|  89|0x0000000087900000, 0x0000000087900000, 0x0000000087a00000|  0%| F|  |TAMS 0x0000000087900000, 0x0000000087900000| Untracked 
|  90|0x0000000087a00000, 0x0000000087a00000, 0x0000000087b00000|  0%| F|  |TAMS 0x0000000087a00000, 0x0000000087a00000| Untracked 
|  91|0x0000000087b00000, 0x0000000087b00000, 0x0000000087c00000|  0%| F|  |TAMS 0x0000000087b00000, 0x0000000087b00000| Untracked 
|  92|0x0000000087c00000, 0x0000000087c00000, 0x0000000087d00000|  0%| F|  |TAMS 0x0000000087c00000, 0x0000000087c00000| Untracked 
|  93|0x0000000087d00000, 0x0000000087d00000, 0x0000000087e00000|  0%| F|  |TAMS 0x0000000087d00000, 0x0000000087d00000| Untracked 
|  94|0x0000000087e00000, 0x0000000087e00000, 0x0000000087f00000|  0%| F|  |TAMS 0x0000000087e00000, 0x0000000087e00000| Untracked 
|  95|0x0000000087f00000, 0x0000000088000000, 0x0000000088000000|100%| E|  |TAMS 0x0000000087f00000, 0x0000000087f00000| Complete 
|  96|0x0000000088000000, 0x0000000088100000, 0x0000000088100000|100%| E|CS|TAMS 0x0000000088000000, 0x0000000088000000| Complete 
|  97|0x0000000088100000, 0x0000000088200000, 0x0000000088200000|100%| E|CS|TAMS 0x0000000088100000, 0x0000000088100000| Complete 
|  98|0x0000000088200000, 0x0000000088300000, 0x0000000088300000|100%| E|CS|TAMS 0x0000000088200000, 0x0000000088200000| Complete 
|  99|0x0000000088300000, 0x0000000088400000, 0x0000000088400000|100%| E|CS|TAMS 0x0000000088300000, 0x0000000088300000| Complete 
| 100|0x0000000088400000, 0x0000000088500000, 0x0000000088500000|100%| E|CS|TAMS 0x0000000088400000, 0x0000000088400000| Complete 
| 101|0x0000000088500000, 0x0000000088600000, 0x0000000088600000|100%| E|CS|TAMS 0x0000000088500000, 0x0000000088500000| Complete 
| 102|0x0000000088600000, 0x0000000088700000, 0x0000000088700000|100%| E|CS|TAMS 0x0000000088600000, 0x0000000088600000| Complete 
| 103|0x0000000088700000, 0x0000000088800000, 0x0000000088800000|100%| E|CS|TAMS 0x0000000088700000, 0x0000000088700000| Complete 
| 104|0x0000000088800000, 0x0000000088900000, 0x0000000088900000|100%| E|CS|TAMS 0x0000000088800000, 0x0000000088800000| Complete 
| 105|0x0000000088900000, 0x0000000088a00000, 0x0000000088a00000|100%| E|CS|TAMS 0x0000000088900000, 0x0000000088900000| Complete 
| 106|0x0000000088a00000, 0x0000000088b00000, 0x0000000088b00000|100%| E|CS|TAMS 0x0000000088a00000, 0x0000000088a00000| Complete 
| 107|0x0000000088b00000, 0x0000000088c00000, 0x0000000088c00000|100%| E|CS|TAMS 0x0000000088b00000, 0x0000000088b00000| Complete 
| 108|0x0000000088c00000, 0x0000000088d00000, 0x0000000088d00000|100%| E|CS|TAMS 0x0000000088c00000, 0x0000000088c00000| Complete 
| 109|0x0000000088d00000, 0x0000000088e00000, 0x0000000088e00000|100%| E|CS|TAMS 0x0000000088d00000, 0x0000000088d00000| Complete 
| 110|0x0000000088e00000, 0x0000000088f00000, 0x0000000088f00000|100%| E|  |TAMS 0x0000000088e00000, 0x0000000088e00000| Complete 
| 111|0x0000000088f00000, 0x0000000089000000, 0x0000000089000000|100%| E|CS|TAMS 0x0000000088f00000, 0x0000000088f00000| Complete 
| 112|0x0000000089000000, 0x0000000089100000, 0x0000000089100000|100%| E|CS|TAMS 0x0000000089000000, 0x0000000089000000| Complete 
| 113|0x0000000089100000, 0x0000000089200000, 0x0000000089200000|100%| E|CS|TAMS 0x0000000089100000, 0x0000000089100000| Complete 
| 114|0x0000000089200000, 0x0000000089300000, 0x0000000089300000|100%| E|CS|TAMS 0x0000000089200000, 0x0000000089200000| Complete 
| 115|0x0000000089300000, 0x0000000089400000, 0x0000000089400000|100%| E|CS|TAMS 0x0000000089300000, 0x0000000089300000| Complete 
| 116|0x0000000089400000, 0x0000000089500000, 0x0000000089500000|100%| E|CS|TAMS 0x0000000089400000, 0x0000000089400000| Complete 
| 117|0x0000000089500000, 0x0000000089600000, 0x0000000089600000|100%| E|CS|TAMS 0x0000000089500000, 0x0000000089500000| Complete 
| 118|0x0000000089600000, 0x0000000089700000, 0x0000000089700000|100%| E|CS|TAMS 0x0000000089600000, 0x0000000089600000| Complete 
| 119|0x0000000089700000, 0x0000000089800000, 0x0000000089800000|100%| E|CS|TAMS 0x0000000089700000, 0x0000000089700000| Complete 
| 120|0x0000000089800000, 0x0000000089900000, 0x0000000089900000|100%| E|CS|TAMS 0x0000000089800000, 0x0000000089800000| Complete 
| 121|0x0000000089900000, 0x0000000089a00000, 0x0000000089a00000|100%| E|CS|TAMS 0x0000000089900000, 0x0000000089900000| Complete 
| 122|0x0000000089a00000, 0x0000000089b00000, 0x0000000089b00000|100%| E|CS|TAMS 0x0000000089a00000, 0x0000000089a00000| Complete 
| 123|0x0000000089b00000, 0x0000000089c00000, 0x0000000089c00000|100%| E|CS|TAMS 0x0000000089b00000, 0x0000000089b00000| Complete 
| 124|0x0000000089c00000, 0x0000000089d00000, 0x0000000089d00000|100%| E|CS|TAMS 0x0000000089c00000, 0x0000000089c00000| Complete 
| 125|0x0000000089d00000, 0x0000000089e00000, 0x0000000089e00000|100%| E|CS|TAMS 0x0000000089d00000, 0x0000000089d00000| Complete 

Card table byte_map: [0x0000014935740000,0x0000014935b30000] _byte_map_base: 0x0000014935330000

Marking Bits (Prev, Next): (CMBitMap*) 0x000001491befa810, (CMBitMap*) 0x000001491befa850
 Prev Bits: [0x0000014935f20000, 0x0000014937ea0000)
 Next Bits: [0x0000014937ea0000, 0x0000014939e20000)

Polling page: 0x000001491bf80000

Metaspace:

Usage:
  Non-class:     16.00 MB capacity,    15.69 MB ( 98%) used,   292.29 KB (  2%) free+waste,    30.50 KB ( <1%) overhead. 
      Class:      2.38 MB capacity,     2.29 MB ( 96%) used,    83.42 KB (  3%) free+waste,    13.12 KB ( <1%) overhead. 
       Both:     18.38 MB capacity,    17.97 MB ( 98%) used,   375.71 KB (  2%) free+waste,    43.62 KB ( <1%) overhead. 

Virtual space:
  Non-class space:       18.00 MB reserved,      16.25 MB ( 90%) committed 
      Class space:        1.00 GB reserved,       2.50 MB ( <1%) committed 
             Both:        1.02 GB reserved,      18.75 MB (  2%) committed 

Chunk freelists:
   Non-Class:  3.00 KB
       Class:  0 bytes
        Both:  3.00 KB

MaxMetaspaceSize: 17179869184.00 GB
CompressedClassSpaceSize: 1.00 GB

CodeHeap 'non-profiled nmethods': size=238336Kb used=4000Kb max_used=4000Kb free=234335Kb
 bounds [0x0000014926030000, 0x0000014926420000, 0x00000149348f0000]
CodeHeap 'non-nmethods': size=7424Kb used=1209Kb max_used=1209Kb free=6215Kb
 bounds [0x00000149258f0000, 0x0000014925b60000, 0x0000014926030000]
 total_blobs=3160 nmethods=2683 adapters=404
 compilation: enabled
              stopped_count=0, restarted_count=0
 full_count=0

Compilation events (20 events):
Event: 16.147 Thread 0x000001493c903d80 nmethod 2671 0x0000014926414e90 code [0x0000014926415020, 0x0000014926415138]
Event: 16.148 Thread 0x000001493c903d80 2675       1       org.springframework.core.annotation.MergedAnnotations::of (5 bytes)
Event: 16.148 Thread 0x000001493c903d80 nmethod 2675 0x0000014926415190 code [0x0000014926415360, 0x0000014926415548]
Event: 16.149 Thread 0x000001493c903d80 2676       1       org.springframework.core.annotation.MergedAnnotationsCollection::of (28 bytes)
Event: 16.149 Thread 0x000001493c903d80 nmethod 2676 0x0000014926415690 code [0x0000014926415860, 0x0000014926415a48]
Event: 16.153 Thread 0x000001493c903d80 2677       1       org.springframework.beans.factory.support.DefaultSingletonBeanRegistry::containsSingleton (11 bytes)
Event: 16.153 Thread 0x000001493c903d80 nmethod 2677 0x0000014926415b90 code [0x0000014926415d20, 0x0000014926415e08]
Event: 16.153 Thread 0x000001493c903d80 2678       1       org.springframework.core.annotation.MergedAnnotation$Adapt::addIfTrue (13 bytes)
Event: 16.153 Thread 0x000001493c903d80 nmethod 2678 0x0000014926415e90 code [0x0000014926416020, 0x00000149264160e8]
Event: 16.156 Thread 0x000001493c903d80 2679       1       org.springframework.core.annotation.AnnotationTypeMapping::getSource (5 bytes)
Event: 16.157 Thread 0x000001493c903d80 nmethod 2679 0x0000014926416190 code [0x0000014926416320, 0x00000149264163d8]
Event: 16.158 Thread 0x000001493c903d80 2680       1       org.springframework.util.Assert::hasLength (17 bytes)
Event: 16.159 Thread 0x000001493c903d80 nmethod 2680 0x0000014926416490 code [0x0000014926416640, 0x0000014926416788]
Event: 16.161 Thread 0x000001493c903d80 2681       1       jdk.internal.reflect.NativeMethodAccessorImpl::invoke (117 bytes)
Event: 16.163 Thread 0x000001493c903d80 nmethod 2681 0x0000014926416d90 code [0x0000014926416fa0, 0x0000014926417488]
Event: 16.163 Thread 0x000001493c903d80 2684       1       org.springframework.boot.context.properties.source.ConfigurationPropertyName::dashIgnoringElementEquals (148 bytes)
Event: 16.164 Thread 0x000001493c903d80 nmethod 2684 0x0000014926417790 code [0x0000014926417980, 0x0000014926417ca8]
Event: 16.164 Thread 0x000001493c903d80 2686       1       org.springframework.beans.factory.support.DefaultSingletonBeanRegistry::getSingleton (7 bytes)
Event: 16.165 Thread 0x000001493c903d80 nmethod 2686 0x0000014926417f90 code [0x0000014926418120, 0x0000014926418208]
Event: 16.165 Thread 0x000001493c903d80 2687   !   1       org.springframework.beans.factory.support.AbstractBeanFactory::doGetBean (832 bytes)

GC Heap History (8 events):
Event: 7.191 GC heap before
{Heap before GC invocations=0 (full 0):
 garbage-first heap   total 129024K, used 24576K [0x0000000082000000, 0x0000000100000000)
  region size 1024K, 23 young (23552K), 0 survivors (0K)
 Metaspace       used 5521K, capacity 5645K, committed 5888K, reserved 1056768K
  class space    used 644K, capacity 702K, committed 768K, reserved 1048576K
}
Event: 7.302 GC heap after
{Heap after GC invocations=1 (full 0):
 garbage-first heap   total 129024K, used 9929K [0x0000000082000000, 0x0000000100000000)
  region size 1024K, 3 young (3072K), 3 survivors (3072K)
 Metaspace       used 5521K, capacity 5645K, committed 5888K, reserved 1056768K
  class space    used 644K, capacity 702K, committed 768K, reserved 1048576K
}
Event: 8.781 GC heap before
{Heap before GC invocations=1 (full 0):
 garbage-first heap   total 129024K, used 31433K [0x0000000082000000, 0x0000000100000000)
  region size 1024K, 25 young (25600K), 3 survivors (3072K)
 Metaspace       used 7036K, capacity 7208K, committed 7424K, reserved 1056768K
  class space    used 834K, capacity 903K, committed 1024K, reserved 1048576K
}
Event: 8.787 GC heap after
{Heap after GC invocations=2 (full 0):
 garbage-first heap   total 129024K, used 10847K [0x0000000082000000, 0x0000000100000000)
  region size 1024K, 1 young (1024K), 1 survivors (1024K)
 Metaspace       used 7036K, capacity 7208K, committed 7424K, reserved 1056768K
  class space    used 834K, capacity 903K, committed 1024K, reserved 1048576K
}
Event: 9.981 GC heap before
{Heap before GC invocations=2 (full 0):
 garbage-first heap   total 129024K, used 53855K [0x0000000082000000, 0x0000000100000000)
  region size 1024K, 43 young (44032K), 1 survivors (1024K)
 Metaspace       used 7178K, capacity 7342K, committed 7680K, reserved 1056768K
  class space    used 858K, capacity 905K, committed 1024K, reserved 1048576K
}
Event: 10.306 GC heap after
{Heap after GC invocations=3 (full 0):
 garbage-first heap   total 129024K, used 10764K [0x0000000082000000, 0x0000000100000000)
  region size 1024K, 1 young (1024K), 1 survivors (1024K)
 Metaspace       used 7178K, capacity 7342K, committed 7680K, reserved 1056768K
  class space    used 858K, capacity 905K, committed 1024K, reserved 1048576K
}
Event: 15.204 GC heap before
{Heap before GC invocations=3 (full 0):
 garbage-first heap   total 129024K, used 85516K [0x0000000082000000, 0x0000000100000000)
  region size 1024K, 75 young (76800K), 1 survivors (1024K)
 Metaspace       used 16768K, capacity 17064K, committed 17152K, reserved 1064960K
  class space    used 2163K, capacity 2259K, committed 2304K, reserved 1048576K
}
Event: 15.273 GC heap after
{Heap after GC invocations=4 (full 0):
 garbage-first heap   total 129024K, used 13807K [0x0000000082000000, 0x0000000100000000)
  region size 1024K, 4 young (4096K), 4 survivors (4096K)
 Metaspace       used 16768K, capacity 17064K, committed 17152K, reserved 1064960K
  class space    used 2163K, capacity 2259K, committed 2304K, reserved 1048576K
}

Deoptimization events (0 events):
No events

Classes unloaded (0 events):
No events

Classes redefined (0 events):
No events

Internal exceptions (20 events):
Event: 14.283 Thread 0x000001493d25a0a0 Exception <a 'java/lang/NoSuchMethodError'{0x00000000877ebd50}: 'long java.lang.invoke.DirectMethodHandle$Holder.invokeInterface(java.lang.Object, java.lang.Object)'> (0x00000000877ebd50) 
thrown [./open/src/hotspot/share/interpreter/linkResolver.cpp, line 782]
Event: 14.284 Thread 0x000001493d25a0a0 Exception <a 'java/lang/IncompatibleClassChangeError'{0x00000000877ef4b0}: Found class java.lang.Object, but interface was expected> (0x00000000877ef4b0) 
thrown [./open/src/hotspot/share/interpreter/linkResolver.cpp, line 848]
Event: 14.323 Thread 0x000001493d25a0a0 Exception <a 'java/lang/NoSuchMethodError'{0x0000000087556bd0}: 'java.lang.Object java.lang.invoke.DirectMethodHandle$Holder.invokeVirtual(java.lang.Object, java.lang.Object, java.lang.Object, java.lang.Object)'> (0x0000000087556bd0) 
thrown [./open/src/hotspot/share/interpreter/linkResolver.cpp, line 782]
Event: 14.395 Thread 0x000001493e367880 Exception <a 'java/lang/ClassNotFoundException'{0x00000000875afb20}: java/lang/ObjectCustomizer> (0x00000000875afb20) 
thrown [./open/src/hotspot/share/classfile/systemDictionary.cpp, line 295]
Event: 14.404 Thread 0x000001493e367880 Exception <a 'java/lang/IncompatibleClassChangeError'{0x00000000875b4880}: Found class java.lang.Object, but interface was expected> (0x00000000875b4880) 
thrown [./open/src/hotspot/share/interpreter/linkResolver.cpp, line 848]
Event: 14.432 Thread 0x000001493e367880 Exception <a 'java/lang/ClassNotFoundException'{0x00000000875da5f8}: org/springframework/context/annotation/ConfigurationClassPostProcessorCustomizer> (0x00000000875da5f8) 
thrown [./open/src/hotspot/share/classfile/systemDictionary.cpp, line 295]
Event: 14.440 Thread 0x000001493e367880 Exception <a 'java/lang/ClassNotFoundException'{0x00000000874040b8}: org/springframework/beans/factory/support/BeanDefinitionRegistryPostProcessorCustomizer> (0x00000000874040b8) 
thrown [./open/src/hotspot/share/classfile/systemDictionary.cpp, line 295]
Event: 14.441 Thread 0x000001493e367880 Exception <a 'java/lang/ClassNotFoundException'{0x000000008740d180}: org/springframework/beans/factory/config/BeanFactoryPostProcessorCustomizer> (0x000000008740d180) 
thrown [./open/src/hotspot/share/classfile/systemDictionary.cpp, line 295]
Event: 14.443 Thread 0x000001493e367880 Exception <a 'java/lang/ClassNotFoundException'{0x0000000087415868}: org/springframework/core/PriorityOrderedCustomizer> (0x0000000087415868) 
thrown [./open/src/hotspot/share/classfile/systemDictionary.cpp, line 295]
Event: 14.444 Thread 0x000001493e367880 Exception <a 'java/lang/ClassNotFoundException'{0x000000008741c918}: org/springframework/core/OrderedCustomizer> (0x000000008741c918) 
thrown [./open/src/hotspot/share/classfile/systemDictionary.cpp, line 295]
Event: 14.446 Thread 0x000001493e367880 Exception <a 'java/lang/ClassNotFoundException'{0x00000000874250f0}: org/springframework/context/ResourceLoaderAwareCustomizer> (0x00000000874250f0) 
thrown [./open/src/hotspot/share/classfile/systemDictionary.cpp, line 295]
Event: 14.447 Thread 0x000001493e367880 Exception <a 'java/lang/ClassNotFoundException'{0x000000008742d790}: org/springframework/beans/factory/AwareCustomizer> (0x000000008742d790) 
thrown [./open/src/hotspot/share/classfile/systemDictionary.cpp, line 295]
Event: 14.448 Thread 0x000001493e367880 Exception <a 'java/lang/ClassNotFoundException'{0x0000000087435108}: org/springframework/context/ApplicationStartupAwareCustomizer> (0x0000000087435108) 
thrown [./open/src/hotspot/share/classfile/systemDictionary.cpp, line 295]
Event: 14.450 Thread 0x000001493e367880 Exception <a 'java/lang/ClassNotFoundException'{0x000000008743da20}: org/springframework/beans/factory/AwareCustomizer> (0x000000008743da20) 
thrown [./open/src/hotspot/share/classfile/systemDictionary.cpp, line 295]
Event: 14.451 Thread 0x000001493e367880 Exception <a 'java/lang/ClassNotFoundException'{0x0000000087445808}: org/springframework/beans/factory/BeanClassLoaderAwareCustomizer> (0x0000000087445808) 
thrown [./open/src/hotspot/share/classfile/systemDictionary.cpp, line 295]
Event: 14.452 Thread 0x000001493e367880 Exception <a 'java/lang/ClassNotFoundException'{0x000000008744dec0}: org/springframework/beans/factory/AwareCustomizer> (0x000000008744dec0) 
thrown [./open/src/hotspot/share/classfile/systemDictionary.cpp, line 295]
Event: 14.453 Thread 0x000001493e367880 Exception <a 'java/lang/ClassNotFoundException'{0x00000000874554a0}: org/springframework/context/EnvironmentAwareCustomizer> (0x00000000874554a0) 
thrown [./open/src/hotspot/share/classfile/systemDictionary.cpp, line 295]
Event: 14.456 Thread 0x000001493e367880 Exception <a 'java/lang/ClassNotFoundException'{0x000000008745dad0}: org/springframework/beans/factory/AwareCustomizer> (0x000000008745dad0) 
thrown [./open/src/hotspot/share/classfile/systemDictionary.cpp, line 295]
Event: 15.785 Thread 0x000001493e367880 Exception <a 'java/lang/IncompatibleClassChangeError'{0x0000000088dae8b0}: Found class java.lang.Object, but interface was expected> (0x0000000088dae8b0) 
thrown [./open/src/hotspot/share/interpreter/linkResolver.cpp, line 848]
Event: 15.914 Thread 0x000001493e367880 Exception <a 'java/lang/NoSuchMethodError'{0x00000000889452a8}: 'void java.lang.invoke.DirectMethodHandle$Holder.invokeInterface(java.lang.Object, java.lang.Object, java.lang.Object, java.lang.Object)'> (0x00000000889452a8) 
thrown [./open/src/hotspot/share/interpreter/linkResolver.cpp, line 782]

Events (20 events):
Event: 14.430 loading class java/beans/GenericBeanInfo
Event: 14.430 loading class java/beans/SimpleBeanInfo
Event: 14.430 loading class java/beans/SimpleBeanInfo done
Event: 14.430 loading class java/beans/GenericBeanInfo done
Event: 14.434 loading class java/util/Hashtable$EntrySet
Event: 14.434 loading class java/util/Hashtable$EntrySet done
Event: 14.495 Executing VM operation: HandshakeAllThreads
Event: 14.495 Executing VM operation: HandshakeAllThreads done
Event: 14.515 loading class java/util/regex/Pattern$LazyLoop
Event: 14.516 loading class java/util/regex/Pattern$LazyLoop done
Event: 15.152 Thread 0x000001493e4f5870 Thread added: 0x000001493e4f5870
Event: 15.204 Executing VM operation: G1CollectForAllocation
Event: 15.273 Executing VM operation: G1CollectForAllocation done
Event: 15.273 Executing VM operation: HandshakeAllThreads
Event: 15.273 Executing VM operation: HandshakeAllThreads done
Event: 15.593 loading class javax/naming/ldap/LdapContext
Event: 15.593 loading class javax/naming/directory/DirContext
Event: 15.594 loading class javax/naming/directory/DirContext done
Event: 15.594 loading class javax/naming/ldap/LdapContext done
Event: 15.759 Thread 0x000001493e4f5870 Thread exited: 0x000001493e4f5870


Dynamic libraries:
0x00007ff64d3c0000 - 0x00007ff64d3cf000 	C:\Program Files\Java\jdk-15.0.2\bin\java.exe
0x00007ffdf25b0000 - 0x00007ffdf27a5000 	C:\WINDOWS\SYSTEM32\ntdll.dll
0x00007ffdf14c0000 - 0x00007ffdf157e000 	C:\WINDOWS\System32\KERNEL32.DLL
0x00007ffdefe50000 - 0x00007ffdf0118000 	C:\WINDOWS\System32\KERNELBASE.dll
0x00007ffdf0170000 - 0x00007ffdf0270000 	C:\WINDOWS\System32\ucrtbase.dll
0x00007ffdd9630000 - 0x00007ffdd9649000 	C:\Program Files\Java\jdk-15.0.2\bin\VCRUNTIME140.dll
0x00007ffdd9610000 - 0x00007ffdd9628000 	C:\Program Files\Java\jdk-15.0.2\bin\jli.dll
0x00007ffdf1f70000 - 0x00007ffdf201e000 	C:\WINDOWS\System32\ADVAPI32.dll
0x00007ffdf1d30000 - 0x00007ffdf1dce000 	C:\WINDOWS\System32\msvcrt.dll
0x00007ffdf06d0000 - 0x00007ffdf076c000 	C:\WINDOWS\System32\sechost.dll
0x00007ffdf2440000 - 0x00007ffdf2565000 	C:\WINDOWS\System32\RPCRT4.dll
0x00007ffdf1dd0000 - 0x00007ffdf1f70000 	C:\WINDOWS\System32\USER32.dll
0x00007ffdefdf0000 - 0x00007ffdefe12000 	C:\WINDOWS\System32\win32u.dll
0x00007ffdf1490000 - 0x00007ffdf14bb000 	C:\WINDOWS\System32\GDI32.dll
0x00007ffdf03a0000 - 0x00007ffdf04ab000 	C:\WINDOWS\System32\gdi32full.dll
0x00007ffdf0300000 - 0x00007ffdf039d000 	C:\WINDOWS\System32\msvcp_win.dll
0x00007ffdd3fc0000 - 0x00007ffdd425a000 	C:\WINDOWS\WinSxS\amd64_microsoft.windows.common-controls_6595b64144ccf1df_6.0.19041.1110_none_60b5254171f9507e\COMCTL32.dll
0x00007ffdea170000 - 0x00007ffdea17a000 	C:\WINDOWS\SYSTEM32\VERSION.dll
0x00007ffdf2410000 - 0x00007ffdf2440000 	C:\WINDOWS\System32\IMM32.DLL
0x00007ffde8e60000 - 0x00007ffde8e6c000 	C:\Program Files\Java\jdk-15.0.2\bin\vcruntime140_1.dll
0x00007ffdaa310000 - 0x00007ffdaa3a1000 	C:\Program Files\Java\jdk-15.0.2\bin\msvcp140.dll
0x00007ffd9d860000 - 0x00007ffd9e3be000 	C:\Program Files\Java\jdk-15.0.2\bin\server\jvm.dll
0x00007ffdf20b0000 - 0x00007ffdf20b8000 	C:\WINDOWS\System32\PSAPI.DLL
0x00007ffdd2950000 - 0x00007ffdd2959000 	C:\WINDOWS\SYSTEM32\WSOCK32.dll
0x00007ffdf1c60000 - 0x00007ffdf1ccb000 	C:\WINDOWS\System32\WS2_32.dll
0x00007ffdd45b0000 - 0x00007ffdd45d7000 	C:\WINDOWS\SYSTEM32\WINMM.dll
0x00007ffdedbe0000 - 0x00007ffdedbf2000 	C:\WINDOWS\SYSTEM32\kernel.appcore.dll
0x00007ffdd2d20000 - 0x00007ffdd2d2a000 	C:\Program Files\Java\jdk-15.0.2\bin\jimage.dll
0x00007ffddd6b0000 - 0x00007ffddd894000 	C:\WINDOWS\SYSTEM32\DBGHELP.DLL
0x00007ffdcc550000 - 0x00007ffdcc57c000 	C:\WINDOWS\SYSTEM32\dbgcore.DLL
0x00007ffdf0270000 - 0x00007ffdf02f2000 	C:\WINDOWS\System32\bcryptPrimitives.dll
0x00007ffdd1970000 - 0x00007ffdd197e000 	C:\Program Files\Java\jdk-15.0.2\bin\instrument.dll
0x00007ffdb7ef0000 - 0x00007ffdb7f15000 	C:\Program Files\Java\jdk-15.0.2\bin\java.dll
0x00007ffdf0bb0000 - 0x00007ffdf12f4000 	C:\WINDOWS\System32\SHELL32.dll
0x00007ffdedde0000 - 0x00007ffdee574000 	C:\WINDOWS\SYSTEM32\windows.storage.dll
0x00007ffdf0850000 - 0x00007ffdf0ba4000 	C:\WINDOWS\System32\combase.dll
0x00007ffdef730000 - 0x00007ffdef75c000 	C:\WINDOWS\SYSTEM32\Wldp.dll
0x00007ffdf1300000 - 0x00007ffdf13ad000 	C:\WINDOWS\System32\SHCORE.dll
0x00007ffdf1cd0000 - 0x00007ffdf1d25000 	C:\WINDOWS\System32\shlwapi.dll
0x00007ffdefc10000 - 0x00007ffdefc2f000 	C:\WINDOWS\SYSTEM32\profapi.dll
0x00007ffdb2750000 - 0x00007ffdb2768000 	C:\Program Files\Java\jdk-15.0.2\bin\zip.dll
0x00007ffdb7ed0000 - 0x00007ffdb7ee9000 	C:\Program Files\Java\jdk-15.0.2\bin\net.dll
0x00007ffdd5100000 - 0x00007ffdd5209000 	C:\WINDOWS\SYSTEM32\WINHTTP.dll
0x00007ffdef490000 - 0x00007ffdef4fa000 	C:\WINDOWS\system32\mswsock.dll
0x00007ffdb2820000 - 0x00007ffdb2832000 	C:\Program Files\Java\jdk-15.0.2\bin\nio.dll
0x00007ffda8b00000 - 0x00007ffda8b1a000 	E:\IntelliJ IDEA 2021.1\bin\breakgen64.dll
0x00007ffdef180000 - 0x00007ffdef24a000 	C:\WINDOWS\SYSTEM32\DNSAPI.dll
0x00007ffdef130000 - 0x00007ffdef16b000 	C:\WINDOWS\SYSTEM32\IPHLPAPI.DLL
0x00007ffdf06c0000 - 0x00007ffdf06c8000 	C:\WINDOWS\System32\NSI.dll
0x00007ffdd1020000 - 0x00007ffdd102a000 	C:\Windows\System32\rasadhlp.dll
0x00007ffdd1310000 - 0x00007ffdd138f000 	C:\WINDOWS\System32\fwpuclnt.dll
0x00007ffdefe20000 - 0x00007ffdefe47000 	C:\WINDOWS\System32\bcrypt.dll
0x00007ffdd1080000 - 0x00007ffdd1089000 	C:\Program Files\Java\jdk-15.0.2\bin\management.dll
0x00007ffdd1050000 - 0x00007ffdd105b000 	C:\Program Files\Java\jdk-15.0.2\bin\management_ext.dll
0x00007ffdef680000 - 0x00007ffdef698000 	C:\WINDOWS\SYSTEM32\CRYPTSP.dll
0x00007ffdeeda0000 - 0x00007ffdeedd4000 	C:\WINDOWS\system32\rsaenh.dll
0x00007ffdefbd0000 - 0x00007ffdefbfe000 	C:\WINDOWS\SYSTEM32\USERENV.dll
0x00007ffdef6a0000 - 0x00007ffdef6ac000 	C:\WINDOWS\SYSTEM32\CRYPTBASE.dll
0x00007ffde5e50000 - 0x00007ffde5e67000 	C:\WINDOWS\SYSTEM32\dhcpcsvc6.DLL
0x00007ffde5f20000 - 0x00007ffde5f3d000 	C:\WINDOWS\SYSTEM32\dhcpcsvc.DLL
0x00007ffdc5d90000 - 0x00007ffdc5da7000 	C:\WINDOWS\system32\napinsp.dll
0x00007ffdc5d50000 - 0x00007ffdc5d6b000 	C:\WINDOWS\system32\pnrpnsp.dll
0x00007ffddb670000 - 0x00007ffddb685000 	C:\WINDOWS\system32\wshbth.dll
0x00007ffdebab0000 - 0x00007ffdebacd000 	C:\WINDOWS\system32\NLAapi.dll
0x00007ffdc5d70000 - 0x00007ffdc5d82000 	C:\WINDOWS\System32\winrnr.dll

dbghelp: loaded successfully - version: 4.0.5 - missing functions: none
symbol engine: initialized successfully - sym options: 0x614 - pdb path: .;C:\Program Files\Java\jdk-15.0.2\bin;C:\WINDOWS\SYSTEM32;C:\WINDOWS\WinSxS\amd64_microsoft.windows.common-controls_6595b64144ccf1df_6.0.19041.1110_none_60b5254171f9507e;C:\Program Files\Java\jdk-15.0.2\bin\server;E:\IntelliJ IDEA 2021.1\bin

VM Arguments:
jvm_args: -XX:TieredStopAtLevel=1 -Xverify:none -Dspring.output.ansi.enabled=always -javaagent:E:\IntelliJ IDEA 2021.1\lib\idea_rt.jar=53821:E:\IntelliJ IDEA 2021.1\bin -Dcom.sun.management.jmxremote -Dspring.jmx.enabled=true -Dspring.liveBeansView.mbeanDomain -Dspring.application.admin.enabled=true -Dfile.encoding=UTF-8 
java_command: com.example.productservice.ProductServiceApplication
java_class_path (initial): D:\KLTN\ProductService-\target\test-classes;D:\KLTN\ProductService-\target\classes;C:\Users\HP\.m2\repository\io\github\resilience4j\resilience4j-spring-boot2\1.7.0\resilience4j-spring-boot2-1.7.0.jar;C:\Users\HP\.m2\repository\io\vavr\vavr\0.10.2\vavr-0.10.2.jar;C:\Users\HP\.m2\repository\io\vavr\vavr-match\0.10.2\vavr-match-0.10.2.jar;C:\Users\HP\.m2\repository\org\slf4j\slf4j-api\1.7.33\slf4j-api-1.7.33.jar;C:\Users\HP\.m2\repository\io\github\resilience4j\resilience4j-spring\1.7.0\resilience4j-spring-1.7.0.jar;C:\Users\HP\.m2\repository\io\github\resilience4j\resilience4j-annotations\1.7.0\resilience4j-annotations-1.7.0.jar;C:\Users\HP\.m2\repository\io\github\resilience4j\resilience4j-consumer\1.7.0\resilience4j-consumer-1.7.0.jar;C:\Users\HP\.m2\repository\io\github\resilience4j\resilience4j-core\1.7.0\resilience4j-core-1.7.0.jar;C:\Users\HP\.m2\repository\io\github\resilience4j\resilience4j-circularbuffer\1.7.0\resilience4j-circularbuffer-1.7.0.jar;C:\Users\HP\.m2\repository\io\github\resilience4j\resilience4j-framework-common\1.7.0\resilience4j-framework-common-1.7.0.jar;C:\Users\HP\.m2\repository\io\github\resilience4j\resilience4j-circuitbreaker\1.7.0\resilience4j-circuitbreaker-1.7.0.jar;C:\Users\HP\.m2\repository\io\github\resilience4j\resilience4j-ratelimiter\1.7.0\resilience4j-ratelimiter-1.7.0.jar;C:\Users\HP\.m2\repository\io\github\resilience4j\resilience4j-retry\1.7.0\resilience4j-retry-1.7.0.jar;C:\Users\HP\.m2\repository\io\github\resilience4j\resilience4j-bulkhead\1.7.0\resilience4j-bulkhead-1.7.0.jar;C:\Users\HP\.m2\repository\io\github\resilience4j\resilience4j-timelimiter\1.7.0\resilience4j-timelimiter-1.7.0.jar;C:\Users\HP\.m2\repository\io\github\resilience4j\resilience4j-micrometer\1.7.0\resilience4j-micrometer-1.7.0.jar;C:\Users\HP\.m2\repository\org\springframework\boot\spring-boot-starter-data-jpa\2.6.3\spring-boot-starter-data-jpa-2.6.3.jar;C:\Users\HP\.m2\repository\org\springframework\boot\spring-boot-sta
Launcher Type: SUN_STANDARD

[Global flags]
     intx CICompilerCount                          = 4                                         {product} {ergonomic}
     uint ConcGCThreads                            = 2                                         {product} {ergonomic}
     uint G1ConcRefinementThreads                  = 8                                         {product} {ergonomic}
   size_t G1HeapRegionSize                         = 1048576                                   {product} {ergonomic}
    uintx GCDrainStackTargetSize                   = 64                                        {product} {ergonomic}
   size_t InitialHeapSize                          = 132120576                                 {product} {ergonomic}
     bool ManagementServer                         = true                                      {product} {command line}
   size_t MarkStackSize                            = 4194304                                   {product} {ergonomic}
   size_t MaxHeapSize                              = 2113929216                                {product} {ergonomic}
   size_t MaxNewSize                               = 1267728384                                {product} {ergonomic}
   size_t MinHeapDeltaBytes                        = 1048576                                   {product} {ergonomic}
   size_t MinHeapSize                              = 8388608                                   {product} {ergonomic}
    uintx NonNMethodCodeHeapSize                   = 7549744                                {pd product} {ergonomic}
    uintx NonProfiledCodeHeapSize                  = 244108496                              {pd product} {ergonomic}
    uintx ProfiledCodeHeapSize                     = 0                                      {pd product} {ergonomic}
    uintx ReservedCodeCacheSize                    = 251658240                              {pd product} {ergonomic}
     bool SegmentedCodeCache                       = true                                      {product} {ergonomic}
   size_t SoftMaxHeapSize                          = 2113929216                             {manageable} {ergonomic}
     intx TieredStopAtLevel                        = 1                                         {product} {command line}
     bool UseCompressedClassPointers               = true                                 {lp64_product} {ergonomic}
     bool UseCompressedOops                        = true                                 {lp64_product} {ergonomic}
     bool UseG1GC                                  = true                                      {product} {ergonomic}
     bool UseLargePagesIndividualAllocation        = false                                  {pd product} {ergonomic}

Logging:
Log output configuration:
 #0: stdout all=warning uptime,level,tags
 #1: stderr all=off uptime,level,tags

Environment Variables:
JAVA_HOME=C:\Program Files\Java\jdk-15.0.2
PATH=C:\Program Files\Common Files\Oracle\Java\javapath;C:\WINDOWS\system32;C:\WINDOWS;C:\WINDOWS\System32\Wbem;C:\WINDOWS\System32\WindowsPowerShell\v1.0\;C:\WINDOWS\System32\OpenSSH\;C:\Program Files\Java\jdk-15.0.2\bin;C:\Program Files\Git\cmd;C:\Program Files\nodejs\;C:\Users\HP\AppData\Local\Microsoft\WindowsApps;;C:\Users\HP\AppData\Local\Programs\Microsoft VS Code\bin;C:\Users\HP\AppData\Roaming\npm
USERNAME=HP
OS=Windows_NT
PROCESSOR_IDENTIFIER=Intel64 Family 6 Model 142 Stepping 11, GenuineIntel



---------------  S Y S T E M  ---------------

OS:
 Windows 10 , 64 bit Build 19041 (10.0.19041.1566)
OS uptime: 1 days 2:07 hours

CPU: total 8 (initial active 8) (4 cores per cpu, 2 threads per core) family 6 model 142 stepping 11 microcode 0xec, cmov, cx8, fxsr, mmx, sse, sse2, sse3, ssse3, sse4.1, sse4.2, popcnt, vzeroupper, avx, avx2, aes, clmul, erms, 3dnowpref, lzcnt, ht, tsc, tscinvbit, bmi1, bmi2, adx, fma, clflush, clflushopt

Memory: 4k page, system-wide physical 8062M (596M free)
TotalPageFile size 19667M (AvailPageFile size 0M)
current process WorkingSet (physical memory assigned to process): 157M, peak: 157M
current process commit charge ("private bytes"): 243M, peak: 243M

vm_info: Java HotSpot(TM) 64-Bit Server VM (15.0.2+7-27) for windows-amd64 JRE (15.0.2+7-27), built on Dec  7 2020 20:07:01 by "mach5one" with unknown MS VC++:1925

END.
